c:\users\admin\documents\github\cz4031\project 2\tool\dbgen\debug\vc143.pdb
c:\users\admin\documents\github\cz4031\project 2\tool\dbgen\debug\vc143.idb
c:\users\admin\documents\github\cz4031\project 2\tool\dbgen\debug\bm_utils.obj
c:\users\admin\documents\github\cz4031\project 2\tool\dbgen\debug\build.obj
c:\users\admin\documents\github\cz4031\project 2\tool\dbgen\debug\permute.obj
c:\users\admin\documents\github\cz4031\project 2\tool\dbgen\debug\print.obj
c:\users\admin\documents\github\cz4031\project 2\tool\dbgen\debug\qgen.obj
c:\users\admin\documents\github\cz4031\project 2\tool\dbgen\debug\rnd.obj
c:\users\admin\documents\github\cz4031\project 2\tool\dbgen\debug\rng64.obj
c:\users\admin\documents\github\cz4031\project 2\tool\dbgen\debug\speed_seed.obj
c:\users\admin\documents\github\cz4031\project 2\tool\dbgen\debug\text.obj
c:\users\admin\documents\github\cz4031\project 2\tool\dbgen\debug\varsub.obj
c:\users\admin\documents\github\cz4031\project 2\tool\dbgen\debug\qgen.ilk
c:\users\admin\documents\github\cz4031\project 2\tool\dbgen\debug\qgen.exe
c:\users\admin\documents\github\cz4031\project 2\tool\dbgen\debug\qgen.pdb
c:\users\admin\documents\github\cz4031\project 2\tool\dbgen\debug\qgen.tlog\cl.command.1.tlog
c:\users\admin\documents\github\cz4031\project 2\tool\dbgen\debug\qgen.tlog\cl.read.1.tlog
c:\users\admin\documents\github\cz4031\project 2\tool\dbgen\debug\qgen.tlog\cl.write.1.tlog
c:\users\admin\documents\github\cz4031\project 2\tool\dbgen\debug\qgen.tlog\link.command.1.tlog
c:\users\admin\documents\github\cz4031\project 2\tool\dbgen\debug\qgen.tlog\link.read.1.tlog
c:\users\admin\documents\github\cz4031\project 2\tool\dbgen\debug\qgen.tlog\link.write.1.tlog
